#
# A fatal error has been detected by the Java Runtime Environment:
#
#  SIGSEGV (0xb) at pc=0x0000000102846908, pid=20577, tid=17155
#
# JRE version: Java(TM) SE Runtime Environment (8.0_65-b17) (build 1.8.0_65-b17)
# Java VM: Java HotSpot(TM) 64-Bit Server VM (25.65-b01 mixed mode bsd-amd64 compressed oops)
# Problematic frame:
# V  [libjvm.dylib+0x446908]  Method::checked_resolve_jmethod_id(_jmethodID*)+0xe
#
# Failed to write core dump. Core dumps have been disabled. To enable core dumping, try "ulimit -c unlimited" before starting Java again
#
# If you would like to submit a bug report, please visit:
#   http://bugreport.java.com/bugreport/crash.jsp
#

---------------  T H R E A D  ---------------

Current thread (0x00007fdfdf047800):  JavaThread "JDWP Transport Listener: dt_socket" daemon [_thread_in_vm, id=17155, stack(0x000070000fae7000,0x000070000fbe7000)]

siginfo: si_signo: 11 (SIGSEGV), si_code: 1 (SEGV_MAPERR), si_addr: 0x00007fff0000000a

Registers:
RAX=0x0000000000000001, RBX=0x000070000fbe6a8b, RCX=0x0000000102c15310, RDX=0x000070000fbe6a8b
RSP=0x000070000fbe69d0, RBP=0x000070000fbe69e0, RSI=0x00007fdfdf047800, RDI=0x00007fff0000000a
R8 =0x0000000000000000, R9 =0x00007fdfdef35560, R10=0x0000000000000001, R11=0x0000000000000001
R12=0x00007fdfdf047800, R13=0x00007fff0000000a, R14=0x00007fff0000000a, R15=0x00007fdfdec09d20
RIP=0x0000000102846908, EFLAGS=0x0000000000010206, ERR=0x0000000000000004
  TRAPNO=0x000000000000000e

Top of Stack: (sp=0x000070000fbe69d0)
0x000070000fbe69d0:   000070000fbe6a8b 000070000fbe6a8b
0x000070000fbe69e0:   000070000fbe6a40 0000000102755a02
0x000070000fbe69f0:   00007fdfdf047800 0000000000000000
0x000070000fbe6a00:   0000000000000000 0000000000000000
0x000070000fbe6a10:   00007fdfdf047800 00007fdfdf047800
0x000070000fbe6a20:   000070000fbe6a8b 000070000fbe6a90
0x000070000fbe6a30:   00007fff0000000a 0000000000000007
0x000070000fbe6a40:   000070000fbe6a60 0000000101b13780
0x000070000fbe6a50:   0000000000000001 000070000fbe6b08
0x000070000fbe6a60:   000070000fbe6ad0 0000000101af81f3
0x000070000fbe6a70:   000070000fbe6aa0 00007fdfdef2a6c0
0x000070000fbe6a80:   0000000800000032 0000000a00be6b08
0x000070000fbe6a90:   0000000000000000 0000000000000000
0x000070000fbe6aa0:   0000000000000000 000070000fbe6c90
0x000070000fbe6ab0:   0000000101b1ae7a 00007fdfded12260
0x000070000fbe6ac0:   000070000fbe6b08 0000000101b26598
0x000070000fbe6ad0:   000070000fbe6ae0 0000000101af82ec
0x000070000fbe6ae0:   000070000fbe6d00 0000000101b01898
0x000070000fbe6af0:   000004ca00000013 00000000000f0200
0x000070000fbe6b00:   00007fdfded11590 00007fdfdef35912
0x000070000fbe6b10:   00007fdf000001d6 00007fdfdef2a750
0x000070000fbe6b20:   00007fdf0000012c 000070000fbe6b58
0x000070000fbe6b30:   00007fdfdef2a750 0000000000000000
0x000070000fbe6b40:   000004ca0000001c 00007fdf00004780
0x000070000fbe6b50:   000070000fbe6b58 df7f000008000000
0x000070000fbe6b60:   08000000b870e1de 3e74696e696c633c
0x000070000fbe6b70:   0056292803000000 0008000000000000
0x000070000fbe6b80:   00b070e1dedf7f00 74696e693c060000
0x000070000fbe6b90:   6a4c28270000003e 676e616c2f617661
0x000070000fbe6ba0:   3b676e697274532f 616c2f6176616a4c
0x000070000fbe6bb0:   6e697274532f676e 0000000056293b67
0x000070000fbe6bc0:   df7f000001000000 04000000c070e1de 

Instructions: (pc=0x0000000102846908)
0x00000001028468e8:   40 48 48 85 c0 75 e0 30 c0 0f b6 c0 5d c3 31 c0
0x00000001028468f8:   5d c3 55 48 89 e5 53 48 83 ec 08 48 85 ff 74 24
0x0000000102846908:   48 8b 1f 48 85 db 74 1c 48 83 fb 37 74 16 48 8b
0x0000000102846918:   03 48 89 df ff 50 10 84 c0 b8 00 00 00 00 48 0f 

Register to memory mapping:

RAX=0x0000000000000001 is an unknown value
RBX=0x000070000fbe6a8b is pointing into the stack for thread: 0x00007fdfdf047800
RCX=0x0000000102c15310: UseMembar+0 in /Library/Java/JavaVirtualMachines/jdk1.8.0_65.jdk/Contents/Home/jre/lib/server/libjvm.dylib at 0x0000000102400000
RDX=0x000070000fbe6a8b is pointing into the stack for thread: 0x00007fdfdf047800
RSP=0x000070000fbe69d0 is pointing into the stack for thread: 0x00007fdfdf047800
RBP=0x000070000fbe69e0 is pointing into the stack for thread: 0x00007fdfdf047800
RSI=0x00007fdfdf047800 is a thread
RDI=0x00007fff0000000a is an unknown value
R8 =0x0000000000000000 is an unknown value
R9 =0x00007fdfdef35560 is an unknown value
R10=0x0000000000000001 is an unknown value
R11=0x0000000000000001 is an unknown value
R12=0x00007fdfdf047800 is a thread
R13=0x00007fff0000000a is an unknown value
R14=0x00007fff0000000a is an unknown value
R15=0x00007fdfdec09d20 is an unknown value


Stack: [0x000070000fae7000,0x000070000fbe7000],  sp=0x000070000fbe69d0,  free space=1022k
Native frames: (J=compiled Java code, j=interpreted, Vv=VM code, C=native code)
V  [libjvm.dylib+0x446908]  Method::checked_resolve_jmethod_id(_jmethodID*)+0xe
V  [libjvm.dylib+0x355a02]  jvmti_IsMethodSynthetic+0xb2
C  [libjdwp.dylib+0x20780]  isMethodSynthetic+0x63
C  [libjdwp.dylib+0x51f3]  methods1+0x10b
C  [libjdwp.dylib+0x52ec]  methodsWithGeneric+0xe
C  [libjdwp.dylib+0xe898]  debugLoop_run+0x1ce
C  [libjdwp.dylib+0x1f6ba]  attachThread+0x4d
V  [libjvm.dylib+0x396d60]  JvmtiAgentThread::call_start_function()+0x38
V  [libjvm.dylib+0x5612d3]  JavaThread::thread_main_inner()+0x9b
V  [libjvm.dylib+0x5629ce]  JavaThread::run()+0x1c2
V  [libjvm.dylib+0x48342e]  java_start(Thread*)+0xf6
C  [libsystem_pthread.dylib+0x393b]  _pthread_body+0xb4
C  [libsystem_pthread.dylib+0x3887]  _pthread_body+0x0
C  [libsystem_pthread.dylib+0x308d]  thread_start+0xd
C  0x0000000000000000


---------------  P R O C E S S  ---------------

Java Threads: ( => current thread )
  0x00007fdfdf074800 JavaThread "Service Thread" daemon [_thread_blocked, id=20227, stack(0x00007000100f9000,0x00007000101f9000)]
  0x00007fdfe0033800 JavaThread "C1 CompilerThread2" daemon [_thread_blocked, id=19715, stack(0x000070000fff6000,0x00007000100f6000)]
  0x00007fdfdf01f800 JavaThread "C2 CompilerThread1" daemon [_thread_blocked, id=19203, stack(0x000070000fef3000,0x000070000fff3000)]
  0x00007fdfdf053800 JavaThread "C2 CompilerThread0" daemon [_thread_blocked, id=18691, stack(0x000070000fdf0000,0x000070000fef0000)]
  0x00007fdfdf051800 JavaThread "JDWP Command Reader" daemon [_thread_in_native, id=18179, stack(0x000070000fced000,0x000070000fded000)]
  0x00007fdfdf01f000 JavaThread "JDWP Event Helper Thread" daemon [_thread_blocked, id=17667, stack(0x000070000fbea000,0x000070000fcea000)]
=>0x00007fdfdf047800 JavaThread "JDWP Transport Listener: dt_socket" daemon [_thread_in_vm, id=17155, stack(0x000070000fae7000,0x000070000fbe7000)]
  0x00007fdfdf046800 JavaThread "Signal Dispatcher" daemon [_thread_blocked, id=16643, stack(0x000070000f9e4000,0x000070000fae4000)]
  0x00007fdfdf041000 JavaThread "Finalizer" daemon [_thread_blocked, id=12547, stack(0x000070000f8e1000,0x000070000f9e1000)]
  0x00007fdfdf040800 JavaThread "Reference Handler" daemon [_thread_blocked, id=12035, stack(0x000070000f7de000,0x000070000f8de000)]
  0x00007fdfe0005800 JavaThread "main" [_thread_blocked, id=7171, stack(0x000070000f1cc000,0x000070000f2cc000)]

Other Threads:
  0x00007fdfdf005000 VMThread [stack: 0x000070000f6db000,0x000070000f7db000] [id=11523]
  0x00007fdfdf826000 WatcherThread [stack: 0x00007000101fc000,0x00007000102fc000] [id=20739]

VM state:not at safepoint (normal execution)

VM Mutex/Monitor currently owned by a thread: None

Heap:
 PSYoungGen      total 38400K, used 3328K [0x0000000795580000, 0x0000000798000000, 0x00000007c0000000)
  eden space 33280K, 10% used [0x0000000795580000,0x00000007958c0108,0x0000000797600000)
  from space 5120K, 0% used [0x0000000797b00000,0x0000000797b00000,0x0000000798000000)
  to   space 5120K, 0% used [0x0000000797600000,0x0000000797600000,0x0000000797b00000)
 ParOldGen       total 87552K, used 0K [0x0000000740000000, 0x0000000745580000, 0x0000000795580000)
  object space 87552K, 0% used [0x0000000740000000,0x0000000740000000,0x0000000745580000)
 Metaspace       used 2734K, capacity 4562K, committed 4864K, reserved 1056768K
  class space    used 291K, capacity 386K, committed 512K, reserved 1048576K

Card table byte_map: [0x0000000103749000,0x0000000103b4a000] byte_map_base: 0x00000000ffd49000

Marking Bits: (ParMarkBitMap*) 0x0000000102cdee20
 Begin Bits: [0x0000000103df5000, 0x0000000105df5000)
 End Bits:   [0x0000000105df5000, 0x0000000107df5000)

Polling page: 0x00000001012e2000

CodeCache: size=245760Kb used=1139Kb max_used=1139Kb free=244620Kb
 bounds [0x000000010f152000, 0x000000010f3c2000, 0x000000011e152000]
 total_blobs=270 nmethods=47 adapters=145
 compilation: enabled

Compilation events (10 events):
Event: 0.226 Thread 0x00007fdfe0033800   42       3       java.lang.AbstractStringBuilder::append (29 bytes)
Event: 0.226 Thread 0x00007fdfe0033800 nmethod 42 0x000000010f26d590 code [0x000000010f26d700, 0x000000010f26da28]
Event: 0.227 Thread 0x00007fdfe0033800   43       1       java.net.URL::getPath (5 bytes)
Event: 0.227 Thread 0x00007fdfe0033800 nmethod 43 0x000000010f26db90 code [0x000000010f26dce0, 0x000000010f26ddf0]
Event: 0.236 Thread 0x00007fdfe0033800   44       3       java.util.concurrent.ConcurrentHashMap::tabAt (21 bytes)
Event: 0.236 Thread 0x00007fdfe0033800 nmethod 44 0x000000010f26e1d0 code [0x000000010f26e340, 0x000000010f26e570]
Event: 0.237 Thread 0x00007fdfe0033800   46       3       java.lang.AbstractStringBuilder::<init> (12 bytes)
Event: 0.238 Thread 0x00007fdfe0033800 nmethod 46 0x000000010f26e610 code [0x000000010f26e780, 0x000000010f26e9d0]
Event: 0.238 Thread 0x00007fdfe0033800   47       3       java.lang.StringBuilder::toString (17 bytes)
Event: 0.238 Thread 0x00007fdfe0033800 nmethod 47 0x000000010f26ea90 code [0x000000010f26ec00, 0x000000010f26ee08]

GC Heap History (0 events):
No events

Deoptimization events (0 events):
No events

Internal exceptions (10 events):
Event: 0.213 Thread 0x00007fdfe0005800 Exception <a 'java/security/PrivilegedActionException'> (0x000000079581dc30) thrown at [/Users/java_re/workspace/8-2-build-macosx-x86_64/jdk8u65/4987/hotspot/src/share/vm/prims/jvm.cpp, line 1386]
Event: 0.214 Thread 0x00007fdfe0005800 Exception <a 'java/util/zip/ZipException'> (0x000000079581e9b0) thrown at [/Users/java_re/workspace/8-2-build-macosx-x86_64/jdk8u65/4987/hotspot/src/share/vm/prims/jni.cpp, line 709]
Event: 0.214 Thread 0x00007fdfe0005800 Exception <a 'java/security/PrivilegedActionException'> (0x000000079581ebb8) thrown at [/Users/java_re/workspace/8-2-build-macosx-x86_64/jdk8u65/4987/hotspot/src/share/vm/prims/jvm.cpp, line 1386]
Event: 0.214 Thread 0x00007fdfe0005800 Exception <a 'java/security/PrivilegedActionException'> (0x000000079581edc8) thrown at [/Users/java_re/workspace/8-2-build-macosx-x86_64/jdk8u65/4987/hotspot/src/share/vm/prims/jvm.cpp, line 1386]
Event: 0.218 Thread 0x00007fdfe0005800 Exception <a 'java/util/zip/ZipException'> (0x000000079581fb48) thrown at [/Users/java_re/workspace/8-2-build-macosx-x86_64/jdk8u65/4987/hotspot/src/share/vm/prims/jni.cpp, line 709]
Event: 0.218 Thread 0x00007fdfe0005800 Exception <a 'java/security/PrivilegedActionException'> (0x000000079581fd50) thrown at [/Users/java_re/workspace/8-2-build-macosx-x86_64/jdk8u65/4987/hotspot/src/share/vm/prims/jvm.cpp, line 1386]
Event: 0.218 Thread 0x00007fdfe0005800 Exception <a 'java/security/PrivilegedActionException'> (0x000000079581ff60) thrown at [/Users/java_re/workspace/8-2-build-macosx-x86_64/jdk8u65/4987/hotspot/src/share/vm/prims/jvm.cpp, line 1386]
Event: 0.221 Thread 0x00007fdfe0005800 Exception <a 'java/util/zip/ZipException'> (0x00000007958318e0) thrown at [/Users/java_re/workspace/8-2-build-macosx-x86_64/jdk8u65/4987/hotspot/src/share/vm/prims/jni.cpp, line 709]
Event: 0.221 Thread 0x00007fdfe0005800 Exception <a 'java/security/PrivilegedActionException'> (0x0000000795831ae8) thrown at [/Users/java_re/workspace/8-2-build-macosx-x86_64/jdk8u65/4987/hotspot/src/share/vm/prims/jvm.cpp, line 1386]
Event: 0.221 Thread 0x00007fdfe0005800 Exception <a 'java/security/PrivilegedActionException'> (0x0000000795831cf8) thrown at [/Users/java_re/workspace/8-2-build-macosx-x86_64/jdk8u65/4987/hotspot/src/share/vm/prims/jvm.cpp, line 1386]

Events (10 events):
Event: 8.202 Executing VM operation: GetOrSetLocal
Event: 8.202 Executing VM operation: GetOrSetLocal done
Event: 8.202 Executing VM operation: GetOrSetLocal
Event: 8.202 Executing VM operation: GetOrSetLocal done
Event: 8.202 Executing VM operation: GetOrSetLocal
Event: 8.202 Executing VM operation: GetOrSetLocal done
Event: 8.203 Executing VM operation: GetOrSetLocal
Event: 8.203 Executing VM operation: GetOrSetLocal done
Event: 211.202 Executing VM operation: RedefineClasses
Event: 211.202 Executing VM operation: RedefineClasses done


Dynamic libraries:
0x0000000000c9d000 	/System/Library/Frameworks/Cocoa.framework/Versions/A/Cocoa
0x0000000000c9d000 	/System/Library/Frameworks/Security.framework/Versions/A/Security
0x0000000000c9d000 	/System/Library/Frameworks/ApplicationServices.framework/Versions/A/ApplicationServices
0x0000000000c9d000 	/usr/lib/libz.1.dylib
0x00000001011fa000 	/usr/lib/libSystem.B.dylib
0x0000000000c9d000 	/usr/lib/libobjc.A.dylib
0x0000000000c9d000 	/System/Library/Frameworks/CoreFoundation.framework/Versions/A/CoreFoundation
0x0000000000c9d000 	/System/Library/Frameworks/Foundation.framework/Versions/C/Foundation
0x0000000000c9d000 	/System/Library/Frameworks/AppKit.framework/Versions/C/AppKit
0x0000000000c9d000 	/System/Library/Frameworks/CoreData.framework/Versions/A/CoreData
0x0000000000c9d000 	/System/Library/PrivateFrameworks/RemoteViewServices.framework/Versions/A/RemoteViewServices
0x0000000000c9d000 	/System/Library/PrivateFrameworks/UIFoundation.framework/Versions/A/UIFoundation
0x0000000000c9d000 	/System/Library/PrivateFrameworks/DFRFoundation.framework/Versions/A/DFRFoundation
0x0000000000c9d000 	/usr/lib/libenergytrace.dylib
0x0000000000c9d000 	/System/Library/PrivateFrameworks/SkyLight.framework/Versions/A/SkyLight
0x0000000000c9d000 	/System/Library/Frameworks/CoreGraphics.framework/Versions/A/CoreGraphics
0x0000000000c9d000 	/usr/lib/libScreenReader.dylib
0x0000000000c9d000 	/System/Library/Frameworks/Accelerate.framework/Versions/A/Accelerate
0x0000000000c9d000 	/System/Library/Frameworks/IOSurface.framework/Versions/A/IOSurface
0x0000000000c9d000 	/System/Library/Frameworks/AudioToolbox.framework/Versions/A/AudioToolbox
0x0000000000c9d000 	/System/Library/Frameworks/AudioUnit.framework/Versions/A/AudioUnit
0x0000000000c9d000 	/System/Library/PrivateFrameworks/DataDetectorsCore.framework/Versions/A/DataDetectorsCore
0x0000000000c9d000 	/System/Library/PrivateFrameworks/DesktopServicesPriv.framework/Versions/A/DesktopServicesPriv
0x0000000000c9d000 	/System/Library/Frameworks/Carbon.framework/Versions/A/Frameworks/HIToolbox.framework/Versions/A/HIToolbox
0x0000000000c9d000 	/usr/lib/libicucore.A.dylib
0x0000000000c9d000 	/System/Library/Frameworks/QuartzCore.framework/Versions/A/QuartzCore
0x0000000000c9d000 	/System/Library/Frameworks/Carbon.framework/Versions/A/Frameworks/SpeechRecognition.framework/Versions/A/SpeechRecognition
0x0000000000c9d000 	/usr/lib/libauto.dylib
0x0000000000c9d000 	/usr/lib/libxml2.2.dylib
0x0000000000c9d000 	/System/Library/PrivateFrameworks/CoreUI.framework/Versions/A/CoreUI
0x0000000000c9d000 	/System/Library/Frameworks/CoreAudio.framework/Versions/A/CoreAudio
0x0000000000c9d000 	/System/Library/Frameworks/DiskArbitration.framework/Versions/A/DiskArbitration
0x0000000000c9d000 	/usr/lib/liblangid.dylib
0x0000000000c9d000 	/System/Library/PrivateFrameworks/MultitouchSupport.framework/Versions/A/MultitouchSupport
0x0000000101205000 	/System/Library/Frameworks/IOKit.framework/Versions/A/IOKit
0x0000000000c9d000 	/usr/lib/libDiagnosticMessagesClient.dylib
0x0000000000c9d000 	/System/Library/Frameworks/CoreServices.framework/Versions/A/CoreServices
0x0000000000c9d000 	/System/Library/PrivateFrameworks/PerformanceAnalysis.framework/Versions/A/PerformanceAnalysis
0x0000000000c9d000 	/System/Library/PrivateFrameworks/GenerationalStorage.framework/Versions/A/GenerationalStorage
0x0000000000c9d000 	/System/Library/Frameworks/OpenGL.framework/Versions/A/OpenGL
0x0000000000c9d000 	/System/Library/Frameworks/CoreImage.framework/Versions/A/CoreImage
0x0000000000c9d000 	/System/Library/Frameworks/CoreText.framework/Versions/A/CoreText
0x0000000000c9d000 	/System/Library/Frameworks/ImageIO.framework/Versions/A/ImageIO
0x0000000000c9d000 	/System/Library/PrivateFrameworks/Backup.framework/Versions/A/Backup
0x0000000000c9d000 	/usr/lib/libarchive.2.dylib
0x00000001012e3000 	/System/Library/Frameworks/CFNetwork.framework/Versions/A/CFNetwork
0x0000000000c9d000 	/System/Library/Frameworks/SystemConfiguration.framework/Versions/A/SystemConfiguration
0x0000000000c9d000 	/usr/lib/libCRFSuite.dylib
0x0000000000c9d000 	/usr/lib/libc++.1.dylib
0x0000000000c9d000 	/usr/lib/libc++abi.dylib
0x0000000000c9d000 	/usr/lib/system/libcache.dylib
0x0000000000c9d000 	/usr/lib/system/libcommonCrypto.dylib
0x0000000000c9d000 	/usr/lib/system/libcompiler_rt.dylib
0x0000000000c9d000 	/usr/lib/system/libcopyfile.dylib
0x0000000000c9d000 	/usr/lib/system/libcorecrypto.dylib
0x0000000000c9d000 	/usr/lib/system/libdispatch.dylib
0x00000001019e9000 	/usr/lib/system/libdyld.dylib
0x0000000000c9d000 	/usr/lib/system/libkeymgr.dylib
0x0000000000c9d000 	/usr/lib/system/liblaunch.dylib
0x0000000000c9d000 	/usr/lib/system/libmacho.dylib
0x0000000000c9d000 	/usr/lib/system/libquarantine.dylib
0x0000000000c9d000 	/usr/lib/system/libremovefile.dylib
0x0000000000c9d000 	/usr/lib/system/libsystem_asl.dylib
0x0000000000c9d000 	/usr/lib/system/libsystem_blocks.dylib
0x0000000000c9d000 	/usr/lib/system/libsystem_c.dylib
0x0000000000c9d000 	/usr/lib/system/libsystem_configuration.dylib
0x0000000000c9d000 	/usr/lib/system/libsystem_coreservices.dylib
0x0000000000c9d000 	/usr/lib/system/libsystem_coretls.dylib
0x0000000000c9d000 	/usr/lib/system/libsystem_dnssd.dylib
0x0000000000c9d000 	/usr/lib/system/libsystem_info.dylib
0x00000001019fa000 	/usr/lib/system/libsystem_kernel.dylib
0x0000000000c9d000 	/usr/lib/system/libsystem_m.dylib
0x0000000000c9d000 	/usr/lib/system/libsystem_malloc.dylib
0x0000000000c9d000 	/usr/lib/system/libsystem_network.dylib
0x0000000000c9d000 	/usr/lib/system/libsystem_networkextension.dylib
0x0000000000c9d000 	/usr/lib/system/libsystem_notify.dylib
0x0000000000c9d000 	/usr/lib/system/libsystem_platform.dylib
0x0000000000c9d000 	/usr/lib/system/libsystem_pthread.dylib
0x0000000101a38000 	/usr/lib/system/libsystem_sandbox.dylib
0x0000000000c9d000 	/usr/lib/system/libsystem_secinit.dylib
0x0000000000c9d000 	/usr/lib/system/libsystem_symptoms.dylib
0x0000000000c9d000 	/usr/lib/system/libsystem_trace.dylib
0x0000000000c9d000 	/usr/lib/system/libunwind.dylib
0x0000000000c9d000 	/usr/lib/system/libxpc.dylib
0x0000000000c9d000 	/usr/lib/libbsm.0.dylib
0x0000000101a42000 	/usr/lib/system/libkxld.dylib
0x0000000000c9d000 	/usr/lib/libcoretls.dylib
0x0000000000c9d000 	/usr/lib/libcoretls_cfhelpers.dylib
0x0000000000c9d000 	/usr/lib/libOpenScriptingUtil.dylib
0x0000000000c9d000 	/usr/lib/libpam.2.dylib
0x0000000000c9d000 	/usr/lib/libsqlite3.dylib
0x0000000000c9d000 	/usr/lib/libxar.1.dylib
0x0000000000c9d000 	/usr/lib/libbz2.1.0.dylib
0x0000000000c9d000 	/usr/lib/liblzma.5.dylib
0x0000000000c9d000 	/usr/lib/libnetwork.dylib
0x0000000000c9d000 	/usr/lib/libpcap.A.dylib
0x0000000000c9d000 	/System/Library/Frameworks/CoreServices.framework/Versions/A/Frameworks/FSEvents.framework/Versions/A/FSEvents
0x0000000000c9d000 	/System/Library/Frameworks/CoreServices.framework/Versions/A/Frameworks/CarbonCore.framework/Versions/A/CarbonCore
0x0000000000c9d000 	/System/Library/Frameworks/CoreServices.framework/Versions/A/Frameworks/Metadata.framework/Versions/A/Metadata
0x0000000000c9d000 	/System/Library/Frameworks/CoreServices.framework/Versions/A/Frameworks/OSServices.framework/Versions/A/OSServices
0x0000000000c9d000 	/System/Library/Frameworks/CoreServices.framework/Versions/A/Frameworks/SearchKit.framework/Versions/A/SearchKit
0x0000000000c9d000 	/System/Library/Frameworks/CoreServices.framework/Versions/A/Frameworks/AE.framework/Versions/A/AE
0x0000000000c9d000 	/System/Library/Frameworks/CoreServices.framework/Versions/A/Frameworks/LaunchServices.framework/Versions/A/LaunchServices
0x0000000000c9d000 	/System/Library/Frameworks/CoreServices.framework/Versions/A/Frameworks/DictionaryServices.framework/Versions/A/DictionaryServices
0x0000000000c9d000 	/System/Library/Frameworks/CoreServices.framework/Versions/A/Frameworks/SharedFileList.framework/Versions/A/SharedFileList
0x0000000000c9d000 	/System/Library/Frameworks/NetFS.framework/Versions/A/NetFS
0x0000000000c9d000 	/System/Library/PrivateFrameworks/NetAuth.framework/Versions/A/NetAuth
0x0000000000c9d000 	/System/Library/PrivateFrameworks/login.framework/Versions/A/Frameworks/loginsupport.framework/Versions/A/loginsupport
0x0000000000c9d000 	/System/Library/PrivateFrameworks/TCC.framework/Versions/A/TCC
0x0000000000c9d000 	/usr/lib/libmecabra.dylib
0x0000000000c9d000 	/System/Library/Frameworks/ApplicationServices.framework/Versions/A/Frameworks/ATS.framework/Versions/A/ATS
0x0000000000c9d000 	/System/Library/Frameworks/ApplicationServices.framework/Versions/A/Frameworks/ColorSync.framework/Versions/A/ColorSync
0x0000000000c9d000 	/System/Library/Frameworks/ApplicationServices.framework/Versions/A/Frameworks/HIServices.framework/Versions/A/HIServices
0x0000000000c9d000 	/System/Library/Frameworks/ApplicationServices.framework/Versions/A/Frameworks/LangAnalysis.framework/Versions/A/LangAnalysis
0x0000000000c9d000 	/System/Library/Frameworks/ApplicationServices.framework/Versions/A/Frameworks/PrintCore.framework/Versions/A/PrintCore
0x0000000000c9d000 	/System/Library/Frameworks/ApplicationServices.framework/Versions/A/Frameworks/QD.framework/Versions/A/QD
0x0000000000c9d000 	/System/Library/Frameworks/ApplicationServices.framework/Versions/A/Frameworks/SpeechSynthesis.framework/Versions/A/SpeechSynthesis
0x0000000000c9d000 	/System/Library/Frameworks/Accelerate.framework/Versions/A/Frameworks/vImage.framework/Versions/A/vImage
0x0000000000c9d000 	/System/Library/Frameworks/Accelerate.framework/Versions/A/Frameworks/vecLib.framework/Versions/A/vecLib
0x0000000000c9d000 	/System/Library/Frameworks/Accelerate.framework/Versions/A/Frameworks/vecLib.framework/Versions/A/libvDSP.dylib
0x0000000000c9d000 	/System/Library/Frameworks/Accelerate.framework/Versions/A/Frameworks/vecLib.framework/Versions/A/libBNNS.dylib
0x0000000000c9d000 	/System/Library/Frameworks/Accelerate.framework/Versions/A/Frameworks/vecLib.framework/Versions/A/libQuadrature.dylib
0x0000000000c9d000 	/System/Library/Frameworks/Accelerate.framework/Versions/A/Frameworks/vecLib.framework/Versions/A/libvMisc.dylib
0x0000000000c9d000 	/System/Library/Frameworks/Accelerate.framework/Versions/A/Frameworks/vecLib.framework/Versions/A/libLAPACK.dylib
0x0000000000c9d000 	/System/Library/Frameworks/Accelerate.framework/Versions/A/Frameworks/vecLib.framework/Versions/A/libBLAS.dylib
0x0000000000c9d000 	/System/Library/Frameworks/Accelerate.framework/Versions/A/Frameworks/vecLib.framework/Versions/A/libLinearAlgebra.dylib
0x0000000000c9d000 	/System/Library/Frameworks/Accelerate.framework/Versions/A/Frameworks/vecLib.framework/Versions/A/libSparseBLAS.dylib
0x0000000000c9d000 	/System/Library/Frameworks/ApplicationServices.framework/Versions/A/Frameworks/ATS.framework/Versions/A/Resources/libFontParser.dylib
0x0000000000c9d000 	/System/Library/Frameworks/ApplicationServices.framework/Versions/A/Frameworks/ATS.framework/Versions/A/Resources/libFontRegistry.dylib
0x0000000000c9d000 	/System/Library/Frameworks/ImageIO.framework/Versions/A/Resources/libJPEG.dylib
0x0000000000c9d000 	/System/Library/Frameworks/ImageIO.framework/Versions/A/Resources/libTIFF.dylib
0x0000000000c9d000 	/System/Library/Frameworks/ImageIO.framework/Versions/A/Resources/libPng.dylib
0x0000000000c9d000 	/System/Library/Frameworks/ImageIO.framework/Versions/A/Resources/libGIF.dylib
0x0000000000c9d000 	/System/Library/Frameworks/ImageIO.framework/Versions/A/Resources/libJP2.dylib
0x0000000000c9d000 	/System/Library/Frameworks/ImageIO.framework/Versions/A/Resources/libRadiance.dylib
0x0000000000c9d000 	/usr/lib/libcompression.dylib
0x0000000000c9d000 	/System/Library/PrivateFrameworks/AppleJPEG.framework/Versions/A/AppleJPEG
0x0000000000c9d000 	/usr/lib/libcups.2.dylib
0x0000000000c9d000 	/System/Library/Frameworks/Kerberos.framework/Versions/A/Kerberos
0x0000000000c9d000 	/System/Library/Frameworks/GSS.framework/Versions/A/GSS
0x0000000000c9d000 	/usr/lib/libresolv.9.dylib
0x0000000000c9d000 	/usr/lib/libiconv.2.dylib
0x0000000000c9d000 	/System/Library/PrivateFrameworks/Heimdal.framework/Versions/A/Heimdal
0x0000000000c9d000 	/usr/lib/libheimdal-asn1.dylib
0x0000000000c9d000 	/System/Library/Frameworks/OpenDirectory.framework/Versions/A/OpenDirectory
0x0000000000c9d000 	/System/Library/PrivateFrameworks/CommonAuth.framework/Versions/A/CommonAuth
0x0000000000c9d000 	/System/Library/Frameworks/OpenDirectory.framework/Versions/A/Frameworks/CFOpenDirectory.framework/Versions/A/CFOpenDirectory
0x0000000000c9d000 	/System/Library/Frameworks/SecurityFoundation.framework/Versions/A/SecurityFoundation
0x0000000000c9d000 	/System/Library/PrivateFrameworks/LanguageModeling.framework/Versions/A/LanguageModeling
0x0000000000c9d000 	/usr/lib/libmarisa.dylib
0x0000000000c9d000 	/usr/lib/libChineseTokenizer.dylib
0x0000000000c9d000 	/usr/lib/libcmph.dylib
0x0000000000c9d000 	/System/Library/PrivateFrameworks/CoreEmoji.framework/Versions/A/CoreEmoji
0x0000000000c9d000 	/System/Library/Frameworks/ServiceManagement.framework/Versions/A/ServiceManagement
0x0000000000c9d000 	/usr/lib/libxslt.1.dylib
0x0000000000c9d000 	/System/Library/Frameworks/Carbon.framework/Versions/A/Frameworks/Ink.framework/Versions/A/Ink
0x0000000000c9d000 	/System/Library/PrivateFrameworks/TextureIO.framework/Versions/A/TextureIO
0x0000000000c9d000 	/System/Library/Frameworks/Metal.framework/Versions/A/Metal
0x0000000000c9d000 	/usr/lib/libate.dylib
0x0000000000c9d000 	/System/Library/PrivateFrameworks/GPUCompiler.framework/libmetal_timestamp.dylib
0x0000000000c9d000 	/System/Library/Frameworks/OpenGL.framework/Versions/A/Libraries/libCoreFSCache.dylib
0x0000000000c9d000 	/System/Library/PrivateFrameworks/IOAccelerator.framework/Versions/A/IOAccelerator
0x0000000000c9d000 	/System/Library/Frameworks/CoreVideo.framework/Versions/A/CoreVideo
0x0000000000c9d000 	/usr/lib/libFosl_dynamic.dylib
0x0000000000c9d000 	/System/Library/PrivateFrameworks/MetalPerformanceShaders.framework/Versions/A/MetalPerformanceShaders
0x0000000000c9d000 	/System/Library/PrivateFrameworks/FaceCore.framework/Versions/A/FaceCore
0x0000000000c9d000 	/System/Library/Frameworks/OpenCL.framework/Versions/A/OpenCL
0x0000000000c9d000 	/System/Library/Frameworks/OpenGL.framework/Versions/A/Libraries/libGLU.dylib
0x0000000000c9d000 	/System/Library/Frameworks/OpenGL.framework/Versions/A/Libraries/libGFXShared.dylib
0x0000000000c9d000 	/System/Library/Frameworks/OpenGL.framework/Versions/A/Libraries/libGL.dylib
0x0000000000c9d000 	/System/Library/Frameworks/OpenGL.framework/Versions/A/Libraries/libGLImage.dylib
0x0000000000c9d000 	/System/Library/Frameworks/OpenGL.framework/Versions/A/Libraries/libCVMSPluginSupport.dylib
0x0000000000c9d000 	/System/Library/Frameworks/OpenGL.framework/Versions/A/Libraries/libCoreVMClient.dylib
0x0000000000c9d000 	/System/Library/PrivateFrameworks/CrashReporterSupport.framework/Versions/A/CrashReporterSupport
0x0000000000c9d000 	/System/Library/PrivateFrameworks/Sharing.framework/Versions/A/Sharing
0x0000000000c9d000 	/System/Library/PrivateFrameworks/IconServices.framework/Versions/A/IconServices
0x0000000000c9d000 	/System/Library/PrivateFrameworks/ProtocolBuffer.framework/Versions/A/ProtocolBuffer
0x0000000000c9d000 	/System/Library/PrivateFrameworks/Apple80211.framework/Versions/A/Apple80211
0x0000000000c9d000 	/System/Library/Frameworks/CoreWLAN.framework/Versions/A/CoreWLAN
0x0000000000c9d000 	/System/Library/PrivateFrameworks/CoreUtils.framework/Versions/A/CoreUtils
0x0000000000c9d000 	/System/Library/Frameworks/IOBluetooth.framework/Versions/A/IOBluetooth
0x0000000000c9d000 	/System/Library/PrivateFrameworks/CoreWiFi.framework/Versions/A/CoreWiFi
0x0000000000c9d000 	/System/Library/Frameworks/CoreBluetooth.framework/Versions/A/CoreBluetooth
0x0000000000c9d000 	/System/Library/Frameworks/CoreDisplay.framework/Versions/A/CoreDisplay
0x0000000000c9d000 	/System/Library/PrivateFrameworks/IOPresentment.framework/Versions/A/IOPresentment
0x0000000000c9d000 	/System/Library/PrivateFrameworks/DSExternalDisplay.framework/Versions/A/DSExternalDisplay
0x0000000000c9d000 	/System/Library/PrivateFrameworks/DebugSymbols.framework/Versions/A/DebugSymbols
0x0000000000c9d000 	/System/Library/PrivateFrameworks/CoreSymbolication.framework/Versions/A/CoreSymbolication
0x0000000000c9d000 	/System/Library/PrivateFrameworks/Symbolication.framework/Versions/A/Symbolication
0x0000000000c9d000 	/System/Library/PrivateFrameworks/AppleFSCompression.framework/Versions/A/AppleFSCompression
0x0000000000c9d000 	/System/Library/PrivateFrameworks/SpeechRecognitionCore.framework/Versions/A/SpeechRecognitionCore
0x0000000000c9d000 	/System/Library/PrivateFrameworks/ChunkingLibrary.framework/Versions/A/ChunkingLibrary
0x0000000102400000 	/Library/Java/JavaVirtualMachines/jdk1.8.0_65.jdk/Contents/Home/jre/lib/server/libjvm.dylib
0x0000000000c9d000 	/usr/lib/libstdc++.6.dylib
0x0000000101ab0000 	/Library/Java/JavaVirtualMachines/jdk1.8.0_65.jdk/Contents/Home/jre/lib/libverify.dylib
0x0000000101abe000 	/Library/Java/JavaVirtualMachines/jdk1.8.0_65.jdk/Contents/Home/jre/lib/libjava.dylib
0x0000000101af3000 	/Library/Java/JavaVirtualMachines/jdk1.8.0_65.jdk/Contents/Home/jre/lib/libjdwp.dylib
0x00000001019e2000 	/Library/Java/JavaVirtualMachines/jdk1.8.0_65.jdk/Contents/Home/jre/lib/libnpt.dylib
0x0000000101b46000 	/Library/Java/JavaVirtualMachines/jdk1.8.0_65.jdk/Contents/Home/jre/lib/libzip.dylib
0x0000000109c40000 	/System/Library/Frameworks/JavaVM.framework/Frameworks/JavaRuntimeSupport.framework/JavaRuntimeSupport
0x0000000109c5a000 	/System/Library/Frameworks/JavaVM.framework/Versions/A/Frameworks/JavaNativeFoundation.framework/Versions/A/JavaNativeFoundation
0x0000000109c6f000 	/System/Library/Frameworks/JavaVM.framework/Versions/A/JavaVM
0x0000000000c9d000 	/System/Library/Frameworks/Carbon.framework/Versions/A/Carbon
0x0000000109c7c000 	/System/Library/PrivateFrameworks/JavaLaunching.framework/Versions/A/JavaLaunching
0x0000000000c9d000 	/System/Library/Frameworks/Carbon.framework/Versions/A/Frameworks/CommonPanels.framework/Versions/A/CommonPanels
0x0000000000c9d000 	/System/Library/Frameworks/Carbon.framework/Versions/A/Frameworks/Help.framework/Versions/A/Help
0x0000000000c9d000 	/System/Library/Frameworks/Carbon.framework/Versions/A/Frameworks/ImageCapture.framework/Versions/A/ImageCapture
0x0000000000c9d000 	/System/Library/Frameworks/Carbon.framework/Versions/A/Frameworks/OpenScripting.framework/Versions/A/OpenScripting
0x0000000000c9d000 	/System/Library/Frameworks/Carbon.framework/Versions/A/Frameworks/Print.framework/Versions/A/Print
0x0000000000c9d000 	/System/Library/Frameworks/Carbon.framework/Versions/A/Frameworks/SecurityHI.framework/Versions/A/SecurityHI
0x000000010b581000 	/Library/Java/JavaVirtualMachines/jdk1.8.0_65.jdk/Contents/Home/jre/lib/libdt_socket.dylib

VM Arguments:
jvm_args: -agentlib:jdwp=transport=dt_socket,suspend=y,address=localhost:57381 -Dfile.encoding=UTF-8 
java_command: Utility.XmlKittiConversion
java_class_path (initial): /Users/work/Desktop/2017 FRC Software/ObjectDetection/bin:/Users/work/wpilib/java/current/lib/WPILib.jar:/Users/work/wpilib/java/current/lib/NetworkTables.jar:/Users/work/wpilib/java/current/lib/opencv.jar:/Users/work/wpilib/java/current/lib/cscore.jar:/Users/work/wpilib/user/java/lib/TalonSRXLibJava.jar:/Users/work/wpilib/user/java/lib/ThreadingRobot.jar
Launcher Type: SUN_STANDARD

Environment Variables:
PATH=/usr/bin:/bin:/usr/sbin:/sbin
SHELL=/bin/bash

Signal Handlers:
SIGSEGV: [libjvm.dylib+0x5a6d31], sa_mask[0]=11111111011111110111111111111111, sa_flags=SA_ONSTACK|SA_RESTART|SA_SIGINFO
SIGBUS: [libjvm.dylib+0x5a6d31], sa_mask[0]=11111111011111110111111111111111, sa_flags=SA_RESTART|SA_SIGINFO
SIGFPE: [libjvm.dylib+0x480a40], sa_mask[0]=11111111011111110111111111111111, sa_flags=SA_RESTART|SA_SIGINFO
SIGPIPE: [libjvm.dylib+0x480a40], sa_mask[0]=11111111011111110111111111111111, sa_flags=SA_RESTART|SA_SIGINFO
SIGXFSZ: [libjvm.dylib+0x480a40], sa_mask[0]=11111111011111110111111111111111, sa_flags=SA_RESTART|SA_SIGINFO
SIGILL: [libjvm.dylib+0x480a40], sa_mask[0]=11111111011111110111111111111111, sa_flags=SA_RESTART|SA_SIGINFO
SIGUSR1: SIG_DFL, sa_mask[0]=00000000000000000000000000000000, sa_flags=none
SIGUSR2: [libjvm.dylib+0x48055e], sa_mask[0]=00100000000000000000000000000000, sa_flags=SA_RESTART|SA_SIGINFO
SIGHUP: [libjvm.dylib+0x47eb35], sa_mask[0]=11111111011111110111111111111111, sa_flags=SA_RESTART|SA_SIGINFO
SIGINT: [libjvm.dylib+0x47eb35], sa_mask[0]=11111111011111110111111111111111, sa_flags=SA_RESTART|SA_SIGINFO
SIGTERM: [libjvm.dylib+0x47eb35], sa_mask[0]=11111111011111110111111111111111, sa_flags=SA_RESTART|SA_SIGINFO
SIGQUIT: [libjvm.dylib+0x47eb35], sa_mask[0]=11111111011111110111111111111111, sa_flags=SA_RESTART|SA_SIGINFO


---------------  S Y S T E M  ---------------

OS:Bsduname:Darwin 16.7.0 Darwin Kernel Version 16.7.0: Wed Oct  4 00:17:00 PDT 2017; root:xnu-3789.71.6~1/RELEASE_X86_64 x86_64
rlimit: STACK 8192k, CORE 0k, NPROC 709, NOFILE 10240, AS infinity
load average:1.82 1.85 1.94

CPU:total 4 (2 cores per cpu, 2 threads per core) family 6 model 69 stepping 1, cmov, cx8, fxsr, mmx, sse, sse2, sse3, ssse3, sse4.1, sse4.2, popcnt, avx, avx2, aes, clmul, erms, lzcnt, ht, tsc, tscinvbit, bmi1, bmi2

Memory: 4k page, physical 8388608k(92392k free)

/proc/meminfo:


vm_info: Java HotSpot(TM) 64-Bit Server VM (25.65-b01) for bsd-amd64 JRE (1.8.0_65-b17), built on Oct  6 2015 15:36:46 by "java_re" with gcc 4.2.1 (Based on Apple Inc. build 5658) (LLVM build 2336.11.00)

time: Mon Dec  4 20:29:14 2017
elapsed time: 211 seconds (0d 0h 3m 31s)

